<?xml version="1.0" encoding="UTF-8"?>
<testng-results skipped="0" failed="0" total="1" passed="1">
  <reporter-output>
  </reporter-output>
  <suite name="com.ibm.jenkindemo.firstJenkinMvnTest" duration-ms="6746" started-at="2019-08-20T04:18:17Z" finished-at="2019-08-20T04:18:24Z">
    <groups>
    </groups>
    <test name="Command line test" duration-ms="6746" started-at="2019-08-20T04:18:17Z" finished-at="2019-08-20T04:18:24Z">
      <class name="com.ibm.jenkindemo.firstJenkinMvnTest">
        <test-method status="PASS" signature="setup()[pri:0, instance:com.ibm.jenkindemo.firstJenkinMvnTest@7f63425a]" name="setup" is-config="true" duration-ms="5889" started-at="2019-08-20T09:48:17Z" finished-at="2019-08-20T09:48:23Z">
          <reporter-output>
          </reporter-output>
        </test-method> <!-- setup -->
        <test-method status="PASS" signature="f()[pri:0, instance:com.ibm.jenkindemo.firstJenkinMvnTest@7f63425a]" name="f" duration-ms="9" started-at="2019-08-20T09:48:23Z" finished-at="2019-08-20T09:48:23Z">
          <reporter-output>
          </reporter-output>
        </test-method> <!-- f -->
        <test-method status="PASS" signature="teardown()[pri:0, instance:com.ibm.jenkindemo.firstJenkinMvnTest@7f63425a]" name="teardown" is-config="true" duration-ms="840" started-at="2019-08-20T09:48:23Z" finished-at="2019-08-20T09:48:24Z">
          <reporter-output>
          </reporter-output>
        </test-method> <!-- teardown -->
      </class> <!-- com.ibm.jenkindemo.firstJenkinMvnTest -->
    </test> <!-- Command line test -->
  </suite> <!-- com.ibm.jenkindemo.firstJenkinMvnTest -->
</testng-results>
